2025-06-25 20:32:46,788 - INFO - Starting update and export process
2025-06-25 20:32:46,801 - INFO - Connected to database: customer_clustering.db
2025-06-25 20:32:46,802 - INFO - Step 1: Updating bronze layer with new sentiment data
2025-06-25 20:32:46,802 - INFO - Importing new data from: sentiment_and_raw/new_base_returns_sku_reasoncodes_sent.csv
2025-06-25 20:32:46,967 - WARNING - Column count mismatch. Expected 24, got 32
2025-06-25 20:32:46,968 - WARNING - Added empty column primary_key
2025-06-25 20:32:46,978 - INFO - Mapped column SALES_ORDER_NO to sales_order_no
2025-06-25 20:32:46,985 - INFO - Mapped column CUSTOMER_EMAILID to customer_emailid
2025-06-25 20:32:46,989 - INFO - Mapped column ORDER_DATE to order_date
2025-06-25 20:32:46,994 - INFO - Mapped column SKU to sku
2025-06-25 20:32:47,000 - INFO - Mapped column SALES_QTY to sales_qty
2025-06-25 20:32:47,004 - INFO - Mapped column GROSS to gross
2025-06-25 20:32:47,009 - INFO - Mapped column RETURN_QTY to return_qty
2025-06-25 20:32:47,014 - INFO - Mapped column UNITS_RETURNED_FLAG to units_returned_flag
2025-06-25 20:32:47,018 - INFO - Mapped column RETURN_DATE to return_date
2025-06-25 20:32:47,023 - INFO - Mapped column RETURN_NO to return_no
2025-06-25 20:32:47,027 - INFO - Mapped column RETURN_COMMENT to return_comment
2025-06-25 20:32:47,032 - INFO - Mapped column ORDERLINK to orderlink
2025-06-25 20:32:47,036 - INFO - Mapped column Q_CLS_ID to q_cls_id
2025-06-25 20:32:47,040 - INFO - Mapped column Q_SKU_DESC to q_sku_desc
2025-06-25 20:32:47,045 - INFO - Mapped column Q_GMM_ID to q_gmm_id
2025-06-25 20:32:47,050 - INFO - Mapped column Q_SKU_ID to q_sku_id
2025-06-25 20:32:47,055 - INFO - Mapped column CLASS_ to class_
2025-06-25 20:32:47,059 - INFO - Mapped column DIVISION_ to division_
2025-06-25 20:32:47,063 - INFO - Mapped column BRAND_ to brand_
2025-06-25 20:32:47,067 - INFO - Mapped column Q_CLR_DNUM to q_clr_dnum
2025-06-25 20:32:47,071 - INFO - Mapped column Q_CLR_DESC to q_clr_desc
2025-06-25 20:32:47,077 - INFO - Mapped column VENDOR_STYLE to vendor_style
2025-06-25 20:32:47,081 - INFO - Mapped column SIZE_ to size_
2025-06-25 20:32:47,415 - INFO - Generated primary keys for data
2025-06-25 20:33:13,608 - ERROR - Error updating bronze layer: Conversion Error: invalid timestamp field format: "Yes", expected format is (YYYY-MM-DD HH:MM:SS[.US][±HH[:MM[:SS]]| ZONE]) when casting from source column units_returned_flag
2025-06-25 20:33:13,627 - ERROR - FAILED: Failed to update bronze layer
2025-06-25 20:33:13,637 - INFO - Database connection closed
